autotextInputMethod/build/intermediates/manifest_merge_blame_file/release/manifest-merger-blame-release-report.txt
1<?xml version="1.0" encoding="utf-8"?>
2<manifest xmlns:android="http://schemas.android.com/apk/res/android"
3    package="cn.queshw.autotextinputmethod"
4    android:versionCode="110"
5    android:versionName="5.3" >
6
7    <uses-sdk
8        android:minSdkVersion="23"
8-->src\main\AndroidManifest.xml
9        android:targetSdkVersion="30" />
9-->src\main\AndroidManifest.xml
10
11    <uses-permission android:name="android.permission.MOUNT_UNMOUNT_FILESYSTEMS" />
11-->src\main\AndroidManifest.xml:9:5-10:47
11-->src\main\AndroidManifest.xml:9:22-81
12    <uses-permission android:name="android.permission.WRITE_EXTERNAL_STORAGE" />
12-->src\main\AndroidManifest.xml:11:5-81
12-->src\main\AndroidManifest.xml:11:22-78
13    <uses-permission android:name="android.permission.READ_EXTERNAL_STORAGE" />
13-->src\main\AndroidManifest.xml:12:5-80
13-->src\main\AndroidManifest.xml:12:22-77
14
15    <!--
16    <uses-permission android:name="android.permission.VIBRATE" />
17    <uses-permission android:name="android.permission.SYSTEM_ALERT_WINDOW"/>
18    -->
19    <application
19-->src\main\AndroidManifest.xml:16:5-55:19
20        android:allowBackup="true"
20-->src\main\AndroidManifest.xml:17:9-35
21        android:appComponentFactory="androidx.core.app.CoreComponentFactory"
21-->[androidx.core:core:1.0.0] AndroidManifest.xml:22:18-86
22        android:extractNativeLibs="false"
23        android:icon="@drawable/ic_lanucher"
23-->src\main\AndroidManifest.xml:18:9-45
24        android:label="@string/app_name"
24-->src\main\AndroidManifest.xml:19:9-41
25        android:theme="@style/AppTheme"
25-->src\main\AndroidManifest.xml:20:9-40
26        android:uiOptions="splitActionBarWhenNarrow" >
26-->src\main\AndroidManifest.xml:21:9-53
27        <activity
27-->src\main\AndroidManifest.xml:22:9-30:20
28            android:name="cn.queshw.autotextsetting.MethodsListActivity"
28-->src\main\AndroidManifest.xml:23:13-73
29            android:label="@string/app_name" >
29-->src\main\AndroidManifest.xml:24:13-45
30            <intent-filter>
30-->src\main\AndroidManifest.xml:25:13-29:29
31                <action android:name="android.intent.action.MAIN" />
31-->src\main\AndroidManifest.xml:26:17-69
31-->src\main\AndroidManifest.xml:26:25-66
32
33                <category android:name="android.intent.category.LAUNCHER" />
33-->src\main\AndroidManifest.xml:28:17-77
33-->src\main\AndroidManifest.xml:28:27-74
34            </intent-filter>
35        </activity>
36        <activity android:name="cn.queshw.autotextsetting.RawActivity" >
36-->src\main\AndroidManifest.xml:31:9-32:20
36-->src\main\AndroidManifest.xml:31:19-71
37        </activity>
38        <activity android:name="cn.queshw.autotextsetting.FilePickerActivity" >
38-->src\main\AndroidManifest.xml:33:9-34:20
38-->src\main\AndroidManifest.xml:33:19-78
39        </activity>
40
41        <service
41-->src\main\AndroidManifest.xml:36:9-46:19
42            android:name="cn.queshw.autotextinputmethod.AutotextInputMethod"
42-->src\main\AndroidManifest.xml:37:13-47
43            android:enabled="true"
43-->src\main\AndroidManifest.xml:38:71-93
44            android:permission="android.permission.BIND_INPUT_METHOD" >
44-->src\main\AndroidManifest.xml:38:13-70
45            <intent-filter>
45-->src\main\AndroidManifest.xml:39:13-41:29
46                <action android:name="android.view.InputMethod" />
46-->src\main\AndroidManifest.xml:40:17-67
46-->src\main\AndroidManifest.xml:40:25-64
47            </intent-filter>
48
49            <meta-data
49-->src\main\AndroidManifest.xml:43:13-45:50
50                android:name="android.view.im"
50-->src\main\AndroidManifest.xml:44:17-47
51                android:resource="@xml/method" />
51-->src\main\AndroidManifest.xml:45:17-47
52        </service>
53
54        <activity android:name="cn.queshw.autotextsetting.HelpActivity" />
54-->src\main\AndroidManifest.xml:48:9-75
54-->src\main\AndroidManifest.xml:48:19-72
55        <activity
55-->src\main\AndroidManifest.xml:49:9-51:73
56            android:name="cn.queshw.autotextsetting.ImportDefaultActivity"
56-->src\main\AndroidManifest.xml:50:13-75
57            android:theme="@android:style/Theme.Holo.Dialog.MinWidth" />
57-->src\main\AndroidManifest.xml:51:13-70
58        <!--
59            <activity
60            android:name="ExtractActivity"
61            android:theme="@android:style/Theme.Holo.Dialog.MinWidth" />
62        -->
63    </application>
64
65</manifest>